<?xml version="1.0" encoding="UTF-8"?>
<!-- Generated by org.testng.reporters.JUnitReportReporter -->
<testsuite skipped="0" hostname="Admin-PC" name="com.coderdream.web.controller.MyControllerTest" tests="1" failures="0" timestamp="06 九月 2017 03:10:14 GMT" time="0.245" errors="0">
  <testcase name="hello" time="0.245" classname="com.coderdream.web.controller.MyControllerTest"/>
</testsuite> <!-- com.coderdream.web.controller.MyControllerTest -->
