<?xml version="1.0" encoding="UTF-8"?>
<!-- Generated by org.testng.reporters.JUnitReportReporter -->
<testsuite skipped="0" hostname="Admin-PC" name="com.coderdream.selenium.LuanchChrome" tests="1" failures="0" timestamp="06 九月 2017 03:50:44 GMT" time="16.629" errors="0">
  <testcase name="luanchLogin" time="16.629" classname="com.coderdream.selenium.LuanchChrome"/>
</testsuite> <!-- com.coderdream.selenium.LuanchChrome -->
