<?xml version="1.0" encoding="UTF-8"?>
<!-- Generated by org.testng.reporters.JUnitReportReporter -->
<testsuite skipped="0" hostname="Admin-PC" name="com.coderdream.learn.GroupTest" tests="2" failures="0" timestamp="06 九月 2017 02:36:46 GMT" time="0.009" errors="0">
  <testcase name="testOpenPage" time="0.001" classname="com.coderdream.learn.GroupTest"/>
  <testcase name="testLogin" time="0.008" classname="com.coderdream.learn.GroupTest"/>
</testsuite> <!-- com.coderdream.learn.GroupTest -->
