<?xml version="1.0" encoding="UTF-8"?>
<!-- Generated by org.testng.reporters.JUnitReportReporter -->
<testsuite skipped="0" hostname="Admin-PC" name="com.coderdream.learn.ExceptionTest" tests="1" failures="0" timestamp="06 九月 2017 02:34:24 GMT" time="0.009" errors="0">
  <testcase name="testException" time="0.009" classname="com.coderdream.learn.ExceptionTest"/>
</testsuite> <!-- com.coderdream.learn.ExceptionTest -->
