<?xml version="1.0" encoding="UTF-8"?>
<!-- Generated by org.testng.reporters.JUnitReportReporter -->
<testsuite skipped="0" hostname="Admin-PC" name="com.coderdream.learn.TestNGLearn1" tests="1" failures="0" timestamp="06 九月 2017 02:49:37 GMT" time="0.005" errors="0">
  <testcase name="TestNgLearn" time="0.005" classname="com.coderdream.learn.TestNGLearn1"/>
</testsuite> <!-- com.coderdream.learn.TestNGLearn1 -->
