<?xml version="1.0" encoding="UTF-8"?>
<!-- Generated by org.testng.reporters.JUnitReportReporter -->
<testsuite skipped="0" hostname="Admin-PC" name="com.coderdream.learn.ParameterizedTest1" tests="1" failures="0" timestamp="06 九月 2017 02:43:05 GMT" time="0.008" errors="0">
  <testcase name="ParaTest" time="0.008" classname="com.coderdream.learn.ParameterizedTest1"/>
</testsuite> <!-- com.coderdream.learn.ParameterizedTest1 -->
