<?xml version="1.0" encoding="UTF-8"?>
<!-- Generated by org.testng.reporters.JUnitReportReporter -->
<testsuite skipped="0" hostname="Admin-PC" name="com.coderdream.learn.DependsTest" tests="2" failures="0" timestamp="06 九月 2017 02:44:43 GMT" time="0.009" errors="0">
  <testcase name="testMessage" time="0.001" classname="com.coderdream.learn.DependsTest"/>
  <testcase name="setupEnv" time="0.008" classname="com.coderdream.learn.DependsTest"/>
</testsuite> <!-- com.coderdream.learn.DependsTest -->
