<?xml version="1.0" encoding="UTF-8"?>
<!-- Generated by org.testng.reporters.JUnitReportReporter -->
<testsuite skipped="0" hostname="Admin-PC" name="com.coderdream.learn.DataProviderLearn" tests="3" failures="0" timestamp="06 九月 2017 02:43:56 GMT" time="0.010" errors="0">
  <testcase name="verifyUser" time="0.001" classname="com.coderdream.learn.DataProviderLearn"/>
  <testcase name="verifyUser" time="0.007" classname="com.coderdream.learn.DataProviderLearn"/>
  <testcase name="verifyUser" time="0.002" classname="com.coderdream.learn.DataProviderLearn"/>
</testsuite> <!-- com.coderdream.learn.DataProviderLearn -->
