<?xml version="1.0" encoding="UTF-8"?>
<!-- Generated by org.testng.reporters.JUnitReportReporter -->
<testsuite skipped="0" hostname="Admin-PC" name="com.coderdream.util.CommonsMailUtilTest" tests="7" failures="0" timestamp="06 九月 2017 05:59:24 GMT" time="9.687" errors="0">
  <testcase name="testSendingHtmlFormattedEmailWithEmbeddedImages" time="3.495" classname="com.coderdream.util.CommonsMailUtilTest"/>
  <testcase name="testSendingHtmlFormattedEmail_02" time="0.517" classname="com.coderdream.util.CommonsMailUtilTest"/>
  <testcase name="testSendSimpleTextEmail" time="0.380" classname="com.coderdream.util.CommonsMailUtilTest"/>
  <testcase name="testSendingHtmlFormattedEmail" time="2.356" classname="com.coderdream.util.CommonsMailUtilTest"/>
  <testcase name="testSendingEmailsWithAttachments" time="0.007" classname="com.coderdream.util.CommonsMailUtilTest"/>
  <testcase name="testSendHtmlEmailWithImg" time="0.113" classname="com.coderdream.util.CommonsMailUtilTest"/>
  <testcase name="testSendingEmailsWithAttachmentsUseURL" time="2.819" classname="com.coderdream.util.CommonsMailUtilTest"/>
</testsuite> <!-- com.coderdream.util.CommonsMailUtilTest -->
